[2026-03-31 11:17:48] local.ERROR: Undefined variable $domain {"exception":"[object] (ErrorException(code: 0): Undefined variable $domain at C:/xampp/htdocs/hyperLocal-multivendor-eCommerce-backend-admin-seller-frashcode-v1.2.0/app/Http/Middleware/VerifyLicense.php:31)
[stacktrace]
#0 C:/xampp/htdocs/hyperLocal-multivendor-eCommerce-backend-admin-seller-frashcode-v1.2.0/vendor/laravel/framework/src/Illuminate/Foundation/Bootstrap/HandleExceptions.php(258): Illuminate/Foundation/Bootstrap/HandleExceptions->handleError(2, 'Undefined varia...', 'C://xampp//htdocs...', 31)
#1 C:/xampp/htdocs/hyperLocal-multivendor-eCommerce-backend-admin-seller-frashcode-v1.2.0/app/Http/Middleware/VerifyLicense.php(31): Illuminate/Foundation/Bootstrap/HandleExceptions->Illuminate/Foundation/Bootstrap/{closure}(2, 'Undefined varia...', 'C://xampp//htdocs...', 31)
#2 C:/xampp/htdocs/hyperLocal-multivendor-eCommerce-backend-admin-seller-frashcode-v1.2.0/vendor/laravel/framework/src/Illuminate/Pipeline/Pipeline.php(219): App/Http/Middleware/VerifyLicense->handle(Object(Illuminate/Http/Request), Object(Closure))
#3 C:/xampp/htdocs/hyperLocal-multivendor-eCommerce-backend-admin-seller-frashcode-v1.2.0/app/Http/Middleware/CheckInstallation.php(21): Illuminate/Pipeline/Pipeline->Illuminate/Pipeline/{closure}(Object(Illuminate/Http/Request))
#4 C:/xampp/htdocs/hyperLocal-multivendor-eCommerce-backend-admin-seller-frashcode-v1.2.0/vendor/laravel/framework/src/Illuminate/Pipeline/Pipeline.php(219): App/Http/Middleware/CheckInstallation->handle(Object(Illuminate/Http/Request), Object(Closure))
#5 C:/xampp/htdocs/hyperLocal-multivendor-eCommerce-backend-admin-seller-frashcode-v1.2.0/app/Http/Middleware/CheckMaintenanceMode.php(21): Illuminate/Pipeline/Pipeline->Illuminate/Pipeline/{closure}(Object(Illuminate/Http/Request))
#6 C:/xampp/htdocs/hyperLocal-multivendor-eCommerce-backend-admin-seller-frashcode-v1.2.0/vendor/laravel/framework/src/Illuminate/Pipeline/Pipeline.php(219): App/Http/Middleware/CheckMaintenanceMode->handle(Object(Illuminate/Http/Request), Object(Closure))
#7 C:/xampp/htdocs/hyperLocal-multivendor-eCommerce-backend-admin-seller-frashcode-v1.2.0/vendor/laravel/framework/src/Illuminate/Pipeline/Pipeline.php(137): Illuminate/Pipeline/Pipeline->Illuminate/Pipeline/{closure}(Object(Illuminate/Http/Request))
#8 C:/xampp/htdocs/hyperLocal-multivendor-eCommerce-backend-admin-seller-frashcode-v1.2.0/vendor/laravel/framework/src/Illuminate/Routing/Router.php(821): Illuminate/Pipeline/Pipeline->then(Object(Closure))
#9 C:/xampp/htdocs/hyperLocal-multivendor-eCommerce-backend-admin-seller-frashcode-v1.2.0/vendor/laravel/framework/src/Illuminate/Routing/Router.php(800): Illuminate/Routing/Router->runRouteWithinStack(Object(Illuminate/Routing/Route), Object(Illuminate/Http/Request))
#10 C:/xampp/htdocs/hyperLocal-multivendor-eCommerce-backend-admin-seller-frashcode-v1.2.0/vendor/laravel/framework/src/Illuminate/Routing/Router.php(764): Illuminate/Routing/Router->runRoute(Object(Illuminate/Http/Request), Object(Illuminate/Routing/Route))
#11 C:/xampp/htdocs/hyperLocal-multivendor-eCommerce-backend-admin-seller-frashcode-v1.2.0/vendor/laravel/framework/src/Illuminate/Routing/Router.php(753): Illuminate/Routing/Router->dispatchToRoute(Object(Illuminate/Http/Request))
#12 C:/xampp/htdocs/hyperLocal-multivendor-eCommerce-backend-admin-seller-frashcode-v1.2.0/vendor/laravel/framework/src/Illuminate/Foundation/Http/Kernel.php(200): Illuminate/Routing/Router->dispatch(Object(Illuminate/Http/Request))
#13 C:/xampp/htdocs/hyperLocal-multivendor-eCommerce-backend-admin-seller-frashcode-v1.2.0/vendor/laravel/framework/src/Illuminate/Pipeline/Pipeline.php(180): Illuminate/Foundation/Http/Kernel->Illuminate/Foundation/Http/{closure}(Object(Illuminate/Http/Request))
#14 C:/xampp/htdocs/hyperLocal-multivendor-eCommerce-backend-admin-seller-frashcode-v1.2.0/vendor/barryvdh/laravel-debugbar/src/Middleware/InjectDebugbar.php(59): Illuminate/Pipeline/Pipeline->Illuminate/Pipeline/{closure}(Object(Illuminate/Http/Request))
#15 C:/xampp/htdocs/hyperLocal-multivendor-eCommerce-backend-admin-seller-frashcode-v1.2.0/vendor/laravel/framework/src/Illuminate/Pipeline/Pipeline.php(219): Barryvdh/Debugbar/Middleware/InjectDebugbar->handle(Object(Illuminate/Http/Request), Object(Closure))
#16 C:/xampp/htdocs/hyperLocal-multivendor-eCommerce-backend-admin-seller-frashcode-v1.2.0/vendor/laravel/framework/src/Illuminate/Foundation/Http/Middleware/TransformsRequest.php(21): Illuminate/Pipeline/Pipeline->Illuminate/Pipeline/{closure}(Object(Illuminate/Http/Request))
#17 C:/xampp/htdocs/hyperLocal-multivendor-eCommerce-backend-admin-seller-frashcode-v1.2.0/vendor/laravel/framework/src/Illuminate/Foundation/Http/Middleware/ConvertEmptyStringsToNull.php(31): Illuminate/Foundation/Http/Middleware/TransformsRequest->handle(Object(Illuminate/Http/Request), Object(Closure))
#18 C:/xampp/htdocs/hyperLocal-multivendor-eCommerce-backend-admin-seller-frashcode-v1.2.0/vendor/laravel/framework/src/Illuminate/Pipeline/Pipeline.php(219): Illuminate/Foundation/Http/Middleware/ConvertEmptyStringsToNull->handle(Object(Illuminate/Http/Request), Object(Closure))
#19 C:/xampp/htdocs/hyperLocal-multivendor-eCommerce-backend-admin-seller-frashcode-v1.2.0/vendor/laravel/framework/src/Illuminate/Foundation/Http/Middleware/TransformsRequest.php(21): Illuminate/Pipeline/Pipeline->Illuminate/Pipeline/{closure}(Object(Illuminate/Http/Request))
#20 C:/xampp/htdocs/hyperLocal-multivendor-eCommerce-backend-admin-seller-frashcode-v1.2.0/vendor/laravel/framework/src/Illuminate/Foundation/Http/Middleware/TrimStrings.php(51): Illuminate/Foundation/Http/Middleware/TransformsRequest->handle(Object(Illuminate/Http/Request), Object(Closure))
#21 C:/xampp/htdocs/hyperLocal-multivendor-eCommerce-backend-admin-seller-frashcode-v1.2.0/vendor/laravel/framework/src/Illuminate/Pipeline/Pipeline.php(219): Illuminate/Foundation/Http/Middleware/TrimStrings->handle(Object(Illuminate/Http/Request), Object(Closure))
#22 C:/xampp/htdocs/hyperLocal-multivendor-eCommerce-backend-admin-seller-frashcode-v1.2.0/vendor/laravel/framework/src/Illuminate/Http/Middleware/ValidatePostSize.php(27): Illuminate/Pipeline/Pipeline->Illuminate/Pipeline/{closure}(Object(Illuminate/Http/Request))
#23 C:/xampp/htdocs/hyperLocal-multivendor-eCommerce-backend-admin-seller-frashcode-v1.2.0/vendor/laravel/framework/src/Illuminate/Pipeline/Pipeline.php(219): Illuminate/Http/Middleware/ValidatePostSize->handle(Object(Illuminate/Http/Request), Object(Closure))
#24 C:/xampp/htdocs/hyperLocal-multivendor-eCommerce-backend-admin-seller-frashcode-v1.2.0/vendor/laravel/framework/src/Illuminate/Foundation/Http/Middleware/PreventRequestsDuringMaintenance.php(109): Illuminate/Pipeline/Pipeline->Illuminate/Pipeline/{closure}(Object(Illuminate/Http/Request))
#25 C:/xampp/htdocs/hyperLocal-multivendor-eCommerce-backend-admin-seller-frashcode-v1.2.0/vendor/laravel/framework/src/Illuminate/Pipeline/Pipeline.php(219): Illuminate/Foundation/Http/Middleware/PreventRequestsDuringMaintenance->handle(Object(Illuminate/Http/Request), Object(Closure))
#26 C:/xampp/htdocs/hyperLocal-multivendor-eCommerce-backend-admin-seller-frashcode-v1.2.0/vendor/laravel/framework/src/Illuminate/Http/Middleware/HandleCors.php(61): Illuminate/Pipeline/Pipeline->Illuminate/Pipeline/{closure}(Object(Illuminate/Http/Request))
#27 C:/xampp/htdocs/hyperLocal-multivendor-eCommerce-backend-admin-seller-frashcode-v1.2.0/vendor/laravel/framework/src/Illuminate/Pipeline/Pipeline.php(219): Illuminate/Http/Middleware/HandleCors->handle(Object(Illuminate/Http/Request), Object(Closure))
#28 C:/xampp/htdocs/hyperLocal-multivendor-eCommerce-backend-admin-seller-frashcode-v1.2.0/vendor/laravel/framework/src/Illuminate/Http/Middleware/TrustProxies.php(58): Illuminate/Pipeline/Pipeline->Illuminate/Pipeline/{closure}(Object(Illuminate/Http/Request))
#29 C:/xampp/htdocs/hyperLocal-multivendor-eCommerce-backend-admin-seller-frashcode-v1.2.0/vendor/laravel/framework/src/Illuminate/Pipeline/Pipeline.php(219): Illuminate/Http/Middleware/TrustProxies->handle(Object(Illuminate/Http/Request), Object(Closure))
#30 C:/xampp/htdocs/hyperLocal-multivendor-eCommerce-backend-admin-seller-frashcode-v1.2.0/vendor/laravel/framework/src/Illuminate/Foundation/Http/Middleware/InvokeDeferredCallbacks.php(22): Illuminate/Pipeline/Pipeline->Illuminate/Pipeline/{closure}(Object(Illuminate/Http/Request))
#31 C:/xampp/htdocs/hyperLocal-multivendor-eCommerce-backend-admin-seller-frashcode-v1.2.0/vendor/laravel/framework/src/Illuminate/Pipeline/Pipeline.php(219): Illuminate/Foundation/Http/Middleware/InvokeDeferredCallbacks->handle(Object(Illuminate/Http/Request), Object(Closure))
#32 C:/xampp/htdocs/hyperLocal-multivendor-eCommerce-backend-admin-seller-frashcode-v1.2.0/vendor/laravel/framework/src/Illuminate/Http/Middleware/ValidatePathEncoding.php(26): Illuminate/Pipeline/Pipeline->Illuminate/Pipeline/{closure}(Object(Illuminate/Http/Request))
#33 C:/xampp/htdocs/hyperLocal-multivendor-eCommerce-backend-admin-seller-frashcode-v1.2.0/vendor/laravel/framework/src/Illuminate/Pipeline/Pipeline.php(219): Illuminate/Http/Middleware/ValidatePathEncoding->handle(Object(Illuminate/Http/Request), Object(Closure))
#34 C:/xampp/htdocs/hyperLocal-multivendor-eCommerce-backend-admin-seller-frashcode-v1.2.0/vendor/laravel/framework/src/Illuminate/Pipeline/Pipeline.php(137): Illuminate/Pipeline/Pipeline->Illuminate/Pipeline/{closure}(Object(Illuminate/Http/Request))
#35 C:/xampp/htdocs/hyperLocal-multivendor-eCommerce-backend-admin-seller-frashcode-v1.2.0/vendor/laravel/framework/src/Illuminate/Foundation/Http/Kernel.php(175): Illuminate/Pipeline/Pipeline->then(Object(Closure))
#36 C:/xampp/htdocs/hyperLocal-multivendor-eCommerce-backend-admin-seller-frashcode-v1.2.0/vendor/laravel/framework/src/Illuminate/Foundation/Http/Kernel.php(144): Illuminate/Foundation/Http/Kernel->sendRequestThroughRouter(Object(Illuminate/Http/Request))
#37 C:/xampp/htdocs/hyperLocal-multivendor-eCommerce-backend-admin-seller-frashcode-v1.2.0/vendor/laravel/framework/src/Illuminate/Foundation/Application.php(1220): Illuminate/Foundation/Http/Kernel->handle(Object(Illuminate/Http/Request))
#38 C:/xampp/htdocs/hyperLocal-multivendor-eCommerce-backend-admin-seller-frashcode-v1.2.0/public/index.php(26): Illuminate/Foundation/Application->handleRequest(Object(Illuminate/Http/Request))
#39 C:/xampp/htdocs/hyperLocal-multivendor-eCommerce-backend-admin-seller-frashcode-v1.2.0/vendor/laravel/framework/src/Illuminate/Foundation/resources/server.php(23): require_once('C://xampp//htdocs...')
#40 {main}
"} 
[2026-03-31 11:55:22] local.INFO: [SystemUpdater] Extracting update package...  
[2026-03-31 11:55:34] local.INFO: [SystemUpdater] ❌ FAILED: Update version 1.2.0 must be greater than current version 1.2.0.  
[2026-03-31 11:55:34] local.INFO: [SystemUpdater] Restoring backup...  
[2026-03-31 11:55:42] local.ERROR: System update failed: Update version 1.2.0 must be greater than current version 1.2.0. {"trace":"#0 C:\\xampp\\htdocs\\hyperLocal-multivendor-eCommerce-backend-admin-seller-frashcode-v1.2.0\\app\\Services\\SystemUpdater.php(108): App\\Services\\SystemUpdater->validateManifest(Array)
#1 C:\\xampp\\htdocs\\hyperLocal-multivendor-eCommerce-backend-admin-seller-frashcode-v1.2.0\\app\\Http\\Controllers\\Admin\\SystemUpdateController.php(48): App\\Services\\SystemUpdater->apply(Object(Illuminate\\Http\\UploadedFile), 1)
#2 C:\\xampp\\htdocs\\hyperLocal-multivendor-eCommerce-backend-admin-seller-frashcode-v1.2.0\\vendor\\laravel\\framework\\src\\Illuminate\\Routing\\ControllerDispatcher.php(46): App\\Http\\Controllers\\Admin\\SystemUpdateController->store(Object(Illuminate\\Http\\Request), Object(App\\Services\\SystemUpdater))
#3 C:\\xampp\\htdocs\\hyperLocal-multivendor-eCommerce-backend-admin-seller-frashcode-v1.2.0\\vendor\\laravel\\framework\\src\\Illuminate\\Routing\\Route.php(265): Illuminate\\Routing\\ControllerDispatcher->dispatch(Object(Illuminate\\Routing\\Route), Object(App\\Http\\Controllers\\Admin\\SystemUpdateController), 'store')
#4 C:\\xampp\\htdocs\\hyperLocal-multivendor-eCommerce-backend-admin-seller-frashcode-v1.2.0\\vendor\\laravel\\framework\\src\\Illuminate\\Routing\\Route.php(211): Illuminate\\Routing\\Route->runController()
#5 C:\\xampp\\htdocs\\hyperLocal-multivendor-eCommerce-backend-admin-seller-frashcode-v1.2.0\\vendor\\laravel\\framework\\src\\Illuminate\\Routing\\Router.php(822): Illuminate\\Routing\\Route->run()
#6 C:\\xampp\\htdocs\\hyperLocal-multivendor-eCommerce-backend-admin-seller-frashcode-v1.2.0\\vendor\\laravel\\framework\\src\\Illuminate\\Pipeline\\Pipeline.php(180): Illuminate\\Routing\\Router->Illuminate\\Routing\\{closure}(Object(Illuminate\\Http\\Request))
#7 C:\\xampp\\htdocs\\hyperLocal-multivendor-eCommerce-backend-admin-seller-frashcode-v1.2.0\\app\\Http\\Middleware\\EnsureSubscriptionFeatureSelected.php(54): Illuminate\\Pipeline\\Pipeline->Illuminate\\Pipeline\\{closure}(Object(Illuminate\\Http\\Request))
#8 C:\\xampp\\htdocs\\hyperLocal-multivendor-eCommerce-backend-admin-seller-frashcode-v1.2.0\\vendor\\laravel\\framework\\src\\Illuminate\\Pipeline\\Pipeline.php(219): App\\Http\\Middleware\\EnsureSubscriptionFeatureSelected->handle(Object(Illuminate\\Http\\Request), Object(Closure))
#9 C:\\xampp\\htdocs\\hyperLocal-multivendor-eCommerce-backend-admin-seller-frashcode-v1.2.0\\app\\Http\\Middleware\\EnsureSystemVendorTypeSelected.php(39): Illuminate\\Pipeline\\Pipeline->Illuminate\\Pipeline\\{closure}(Object(Illuminate\\Http\\Request))
#10 C:\\xampp\\htdocs\\hyperLocal-multivendor-eCommerce-backend-admin-seller-frashcode-v1.2.0\\vendor\\laravel\\framework\\src\\Illuminate\\Pipeline\\Pipeline.php(219): App\\Http\\Middleware\\EnsureSystemVendorTypeSelected->handle(Object(Illuminate\\Http\\Request), Object(Closure))
#11 C:\\xampp\\htdocs\\hyperLocal-multivendor-eCommerce-backend-admin-seller-frashcode-v1.2.0\\app\\Http\\Middleware\\ValidateAdmin.php(31): Illuminate\\Pipeline\\Pipeline->Illuminate\\Pipeline\\{closure}(Object(Illuminate\\Http\\Request))
#12 C:\\xampp\\htdocs\\hyperLocal-multivendor-eCommerce-backend-admin-seller-frashcode-v1.2.0\\vendor\\laravel\\framework\\src\\Illuminate\\Pipeline\\Pipeline.php(219): App\\Http\\Middleware\\ValidateAdmin->handle(Object(Illuminate\\Http\\Request), Object(Closure))
#13 C:\\xampp\\htdocs\\hyperLocal-multivendor-eCommerce-backend-admin-seller-frashcode-v1.2.0\\vendor\\barryvdh\\laravel-debugbar\\src\\Middleware\\InjectDebugbar.php(59): Illuminate\\Pipeline\\Pipeline->Illuminate\\Pipeline\\{closure}(Object(Illuminate\\Http\\Request))
#14 C:\\xampp\\htdocs\\hyperLocal-multivendor-eCommerce-backend-admin-seller-frashcode-v1.2.0\\vendor\\laravel\\framework\\src\\Illuminate\\Pipeline\\Pipeline.php(219): Barryvdh\\Debugbar\\Middleware\\InjectDebugbar->handle(Object(Illuminate\\Http\\Request), Object(Closure))
#15 C:\\xampp\\htdocs\\hyperLocal-multivendor-eCommerce-backend-admin-seller-frashcode-v1.2.0\\app\\Http\\Middleware\\StorageCorsMiddleware.php(18): Illuminate\\Pipeline\\Pipeline->Illuminate\\Pipeline\\{closure}(Object(Illuminate\\Http\\Request))
#16 C:\\xampp\\htdocs\\hyperLocal-multivendor-eCommerce-backend-admin-seller-frashcode-v1.2.0\\vendor\\laravel\\framework\\src\\Illuminate\\Pipeline\\Pipeline.php(219): App\\Http\\Middleware\\StorageCorsMiddleware->handle(Object(Illuminate\\Http\\Request), Object(Closure))
#17 C:\\xampp\\htdocs\\hyperLocal-multivendor-eCommerce-backend-admin-seller-frashcode-v1.2.0\\app\\Http\\Middleware\\SetLocale.php(24): Illuminate\\Pipeline\\Pipeline->Illuminate\\Pipeline\\{closure}(Object(Illuminate\\Http\\Request))
#18 C:\\xampp\\htdocs\\hyperLocal-multivendor-eCommerce-backend-admin-seller-frashcode-v1.2.0\\vendor\\laravel\\framework\\src\\Illuminate\\Pipeline\\Pipeline.php(219): App\\Http\\Middleware\\SetLocale->handle(Object(Illuminate\\Http\\Request), Object(Closure))
#19 C:\\xampp\\htdocs\\hyperLocal-multivendor-eCommerce-backend-admin-seller-frashcode-v1.2.0\\vendor\\laravel\\framework\\src\\Illuminate\\Routing\\Middleware\\SubstituteBindings.php(50): Illuminate\\Pipeline\\Pipeline->Illuminate\\Pipeline\\{closure}(Object(Illuminate\\Http\\Request))
#20 C:\\xampp\\htdocs\\hyperLocal-multivendor-eCommerce-backend-admin-seller-frashcode-v1.2.0\\vendor\\laravel\\framework\\src\\Illuminate\\Pipeline\\Pipeline.php(219): Illuminate\\Routing\\Middleware\\SubstituteBindings->handle(Object(Illuminate\\Http\\Request), Object(Closure))
#21 C:\\xampp\\htdocs\\hyperLocal-multivendor-eCommerce-backend-admin-seller-frashcode-v1.2.0\\vendor\\laravel\\framework\\src\\Illuminate\\Auth\\Middleware\\Authenticate.php(63): Illuminate\\Pipeline\\Pipeline->Illuminate\\Pipeline\\{closure}(Object(Illuminate\\Http\\Request))
#22 C:\\xampp\\htdocs\\hyperLocal-multivendor-eCommerce-backend-admin-seller-frashcode-v1.2.0\\vendor\\laravel\\framework\\src\\Illuminate\\Pipeline\\Pipeline.php(219): Illuminate\\Auth\\Middleware\\Authenticate->handle(Object(Illuminate\\Http\\Request), Object(Closure))
#23 C:\\xampp\\htdocs\\hyperLocal-multivendor-eCommerce-backend-admin-seller-frashcode-v1.2.0\\vendor\\laravel\\framework\\src\\Illuminate\\Foundation\\Http\\Middleware\\VerifyCsrfToken.php(87): Illuminate\\Pipeline\\Pipeline->Illuminate\\Pipeline\\{closure}(Object(Illuminate\\Http\\Request))
#24 C:\\xampp\\htdocs\\hyperLocal-multivendor-eCommerce-backend-admin-seller-frashcode-v1.2.0\\vendor\\laravel\\framework\\src\\Illuminate\\Pipeline\\Pipeline.php(219): Illuminate\\Foundation\\Http\\Middleware\\VerifyCsrfToken->handle(Object(Illuminate\\Http\\Request), Object(Closure))
#25 C:\\xampp\\htdocs\\hyperLocal-multivendor-eCommerce-backend-admin-seller-frashcode-v1.2.0\\vendor\\laravel\\framework\\src\\Illuminate\\View\\Middleware\\ShareErrorsFromSession.php(48): Illuminate\\Pipeline\\Pipeline->Illuminate\\Pipeline\\{closure}(Object(Illuminate\\Http\\Request))
#26 C:\\xampp\\htdocs\\hyperLocal-multivendor-eCommerce-backend-admin-seller-frashcode-v1.2.0\\vendor\\laravel\\framework\\src\\Illuminate\\Pipeline\\Pipeline.php(219): Illuminate\\View\\Middleware\\ShareErrorsFromSession->handle(Object(Illuminate\\Http\\Request), Object(Closure))
#27 C:\\xampp\\htdocs\\hyperLocal-multivendor-eCommerce-backend-admin-seller-frashcode-v1.2.0\\vendor\\laravel\\framework\\src\\Illuminate\\Session\\Middleware\\StartSession.php(120): Illuminate\\Pipeline\\Pipeline->Illuminate\\Pipeline\\{closure}(Object(Illuminate\\Http\\Request))
#28 C:\\xampp\\htdocs\\hyperLocal-multivendor-eCommerce-backend-admin-seller-frashcode-v1.2.0\\vendor\\laravel\\framework\\src\\Illuminate\\Session\\Middleware\\StartSession.php(63): Illuminate\\Session\\Middleware\\StartSession->handleStatefulRequest(Object(Illuminate\\Http\\Request), Object(Illuminate\\Session\\Store), Object(Closure))
#29 C:\\xampp\\htdocs\\hyperLocal-multivendor-eCommerce-backend-admin-seller-frashcode-v1.2.0\\vendor\\laravel\\framework\\src\\Illuminate\\Pipeline\\Pipeline.php(219): Illuminate\\Session\\Middleware\\StartSession->handle(Object(Illuminate\\Http\\Request), Object(Closure))
#30 C:\\xampp\\htdocs\\hyperLocal-multivendor-eCommerce-backend-admin-seller-frashcode-v1.2.0\\vendor\\laravel\\framework\\src\\Illuminate\\Cookie\\Middleware\\AddQueuedCookiesToResponse.php(36): Illuminate\\Pipeline\\Pipeline->Illuminate\\Pipeline\\{closure}(Object(Illuminate\\Http\\Request))
#31 C:\\xampp\\htdocs\\hyperLocal-multivendor-eCommerce-backend-admin-seller-frashcode-v1.2.0\\vendor\\laravel\\framework\\src\\Illuminate\\Pipeline\\Pipeline.php(219): Illuminate\\Cookie\\Middleware\\AddQueuedCookiesToResponse->handle(Object(Illuminate\\Http\\Request), Object(Closure))
#32 C:\\xampp\\htdocs\\hyperLocal-multivendor-eCommerce-backend-admin-seller-frashcode-v1.2.0\\vendor\\laravel\\framework\\src\\Illuminate\\Cookie\\Middleware\\EncryptCookies.php(74): Illuminate\\Pipeline\\Pipeline->Illuminate\\Pipeline\\{closure}(Object(Illuminate\\Http\\Request))
#33 C:\\xampp\\htdocs\\hyperLocal-multivendor-eCommerce-backend-admin-seller-frashcode-v1.2.0\\vendor\\laravel\\framework\\src\\Illuminate\\Pipeline\\Pipeline.php(219): Illuminate\\Cookie\\Middleware\\EncryptCookies->handle(Object(Illuminate\\Http\\Request), Object(Closure))
#34 C:\\xampp\\htdocs\\hyperLocal-multivendor-eCommerce-backend-admin-seller-frashcode-v1.2.0\\app\\Http\\Middleware\\VerifyLicense.php(60): Illuminate\\Pipeline\\Pipeline->Illuminate\\Pipeline\\{closure}(Object(Illuminate\\Http\\Request))
#35 C:\\xampp\\htdocs\\hyperLocal-multivendor-eCommerce-backend-admin-seller-frashcode-v1.2.0\\vendor\\laravel\\framework\\src\\Illuminate\\Pipeline\\Pipeline.php(219): App\\Http\\Middleware\\VerifyLicense->handle(Object(Illuminate\\Http\\Request), Object(Closure))
#36 C:\\xampp\\htdocs\\hyperLocal-multivendor-eCommerce-backend-admin-seller-frashcode-v1.2.0\\app\\Http\\Middleware\\CheckInstallation.php(21): Illuminate\\Pipeline\\Pipeline->Illuminate\\Pipeline\\{closure}(Object(Illuminate\\Http\\Request))
#37 C:\\xampp\\htdocs\\hyperLocal-multivendor-eCommerce-backend-admin-seller-frashcode-v1.2.0\\vendor\\laravel\\framework\\src\\Illuminate\\Pipeline\\Pipeline.php(219): App\\Http\\Middleware\\CheckInstallation->handle(Object(Illuminate\\Http\\Request), Object(Closure))
#38 C:\\xampp\\htdocs\\hyperLocal-multivendor-eCommerce-backend-admin-seller-frashcode-v1.2.0\\app\\Http\\Middleware\\CheckMaintenanceMode.php(21): Illuminate\\Pipeline\\Pipeline->Illuminate\\Pipeline\\{closure}(Object(Illuminate\\Http\\Request))
#39 C:\\xampp\\htdocs\\hyperLocal-multivendor-eCommerce-backend-admin-seller-frashcode-v1.2.0\\vendor\\laravel\\framework\\src\\Illuminate\\Pipeline\\Pipeline.php(219): App\\Http\\Middleware\\CheckMaintenanceMode->handle(Object(Illuminate\\Http\\Request), Object(Closure))
#40 C:\\xampp\\htdocs\\hyperLocal-multivendor-eCommerce-backend-admin-seller-frashcode-v1.2.0\\vendor\\laravel\\framework\\src\\Illuminate\\Pipeline\\Pipeline.php(137): Illuminate\\Pipeline\\Pipeline->Illuminate\\Pipeline\\{closure}(Object(Illuminate\\Http\\Request))
#41 C:\\xampp\\htdocs\\hyperLocal-multivendor-eCommerce-backend-admin-seller-frashcode-v1.2.0\\vendor\\laravel\\framework\\src\\Illuminate\\Routing\\Router.php(821): Illuminate\\Pipeline\\Pipeline->then(Object(Closure))
#42 C:\\xampp\\htdocs\\hyperLocal-multivendor-eCommerce-backend-admin-seller-frashcode-v1.2.0\\vendor\\laravel\\framework\\src\\Illuminate\\Routing\\Router.php(800): Illuminate\\Routing\\Router->runRouteWithinStack(Object(Illuminate\\Routing\\Route), Object(Illuminate\\Http\\Request))
#43 C:\\xampp\\htdocs\\hyperLocal-multivendor-eCommerce-backend-admin-seller-frashcode-v1.2.0\\vendor\\laravel\\framework\\src\\Illuminate\\Routing\\Router.php(764): Illuminate\\Routing\\Router->runRoute(Object(Illuminate\\Http\\Request), Object(Illuminate\\Routing\\Route))
#44 C:\\xampp\\htdocs\\hyperLocal-multivendor-eCommerce-backend-admin-seller-frashcode-v1.2.0\\vendor\\laravel\\framework\\src\\Illuminate\\Routing\\Router.php(753): Illuminate\\Routing\\Router->dispatchToRoute(Object(Illuminate\\Http\\Request))
#45 C:\\xampp\\htdocs\\hyperLocal-multivendor-eCommerce-backend-admin-seller-frashcode-v1.2.0\\vendor\\laravel\\framework\\src\\Illuminate\\Foundation\\Http\\Kernel.php(200): Illuminate\\Routing\\Router->dispatch(Object(Illuminate\\Http\\Request))
#46 C:\\xampp\\htdocs\\hyperLocal-multivendor-eCommerce-backend-admin-seller-frashcode-v1.2.0\\vendor\\laravel\\framework\\src\\Illuminate\\Pipeline\\Pipeline.php(180): Illuminate\\Foundation\\Http\\Kernel->Illuminate\\Foundation\\Http\\{closure}(Object(Illuminate\\Http\\Request))
#47 C:\\xampp\\htdocs\\hyperLocal-multivendor-eCommerce-backend-admin-seller-frashcode-v1.2.0\\vendor\\barryvdh\\laravel-debugbar\\src\\Middleware\\InjectDebugbar.php(59): Illuminate\\Pipeline\\Pipeline->Illuminate\\Pipeline\\{closure}(Object(Illuminate\\Http\\Request))
#48 C:\\xampp\\htdocs\\hyperLocal-multivendor-eCommerce-backend-admin-seller-frashcode-v1.2.0\\vendor\\laravel\\framework\\src\\Illuminate\\Pipeline\\Pipeline.php(219): Barryvdh\\Debugbar\\Middleware\\InjectDebugbar->handle(Object(Illuminate\\Http\\Request), Object(Closure))
#49 C:\\xampp\\htdocs\\hyperLocal-multivendor-eCommerce-backend-admin-seller-frashcode-v1.2.0\\vendor\\laravel\\framework\\src\\Illuminate\\Foundation\\Http\\Middleware\\TransformsRequest.php(21): Illuminate\\Pipeline\\Pipeline->Illuminate\\Pipeline\\{closure}(Object(Illuminate\\Http\\Request))
#50 C:\\xampp\\htdocs\\hyperLocal-multivendor-eCommerce-backend-admin-seller-frashcode-v1.2.0\\vendor\\laravel\\framework\\src\\Illuminate\\Foundation\\Http\\Middleware\\ConvertEmptyStringsToNull.php(31): Illuminate\\Foundation\\Http\\Middleware\\TransformsRequest->handle(Object(Illuminate\\Http\\Request), Object(Closure))
#51 C:\\xampp\\htdocs\\hyperLocal-multivendor-eCommerce-backend-admin-seller-frashcode-v1.2.0\\vendor\\laravel\\framework\\src\\Illuminate\\Pipeline\\Pipeline.php(219): Illuminate\\Foundation\\Http\\Middleware\\ConvertEmptyStringsToNull->handle(Object(Illuminate\\Http\\Request), Object(Closure))
#52 C:\\xampp\\htdocs\\hyperLocal-multivendor-eCommerce-backend-admin-seller-frashcode-v1.2.0\\vendor\\laravel\\framework\\src\\Illuminate\\Foundation\\Http\\Middleware\\TransformsRequest.php(21): Illuminate\\Pipeline\\Pipeline->Illuminate\\Pipeline\\{closure}(Object(Illuminate\\Http\\Request))
#53 C:\\xampp\\htdocs\\hyperLocal-multivendor-eCommerce-backend-admin-seller-frashcode-v1.2.0\\vendor\\laravel\\framework\\src\\Illuminate\\Foundation\\Http\\Middleware\\TrimStrings.php(51): Illuminate\\Foundation\\Http\\Middleware\\TransformsRequest->handle(Object(Illuminate\\Http\\Request), Object(Closure))
#54 C:\\xampp\\htdocs\\hyperLocal-multivendor-eCommerce-backend-admin-seller-frashcode-v1.2.0\\vendor\\laravel\\framework\\src\\Illuminate\\Pipeline\\Pipeline.php(219): Illuminate\\Foundation\\Http\\Middleware\\TrimStrings->handle(Object(Illuminate\\Http\\Request), Object(Closure))
#55 C:\\xampp\\htdocs\\hyperLocal-multivendor-eCommerce-backend-admin-seller-frashcode-v1.2.0\\vendor\\laravel\\framework\\src\\Illuminate\\Http\\Middleware\\ValidatePostSize.php(27): Illuminate\\Pipeline\\Pipeline->Illuminate\\Pipeline\\{closure}(Object(Illuminate\\Http\\Request))
#56 C:\\xampp\\htdocs\\hyperLocal-multivendor-eCommerce-backend-admin-seller-frashcode-v1.2.0\\vendor\\laravel\\framework\\src\\Illuminate\\Pipeline\\Pipeline.php(219): Illuminate\\Http\\Middleware\\ValidatePostSize->handle(Object(Illuminate\\Http\\Request), Object(Closure))
#57 C:\\xampp\\htdocs\\hyperLocal-multivendor-eCommerce-backend-admin-seller-frashcode-v1.2.0\\vendor\\laravel\\framework\\src\\Illuminate\\Foundation\\Http\\Middleware\\PreventRequestsDuringMaintenance.php(109): Illuminate\\Pipeline\\Pipeline->Illuminate\\Pipeline\\{closure}(Object(Illuminate\\Http\\Request))
#58 C:\\xampp\\htdocs\\hyperLocal-multivendor-eCommerce-backend-admin-seller-frashcode-v1.2.0\\vendor\\laravel\\framework\\src\\Illuminate\\Pipeline\\Pipeline.php(219): Illuminate\\Foundation\\Http\\Middleware\\PreventRequestsDuringMaintenance->handle(Object(Illuminate\\Http\\Request), Object(Closure))
#59 C:\\xampp\\htdocs\\hyperLocal-multivendor-eCommerce-backend-admin-seller-frashcode-v1.2.0\\vendor\\laravel\\framework\\src\\Illuminate\\Http\\Middleware\\HandleCors.php(61): Illuminate\\Pipeline\\Pipeline->Illuminate\\Pipeline\\{closure}(Object(Illuminate\\Http\\Request))
#60 C:\\xampp\\htdocs\\hyperLocal-multivendor-eCommerce-backend-admin-seller-frashcode-v1.2.0\\vendor\\laravel\\framework\\src\\Illuminate\\Pipeline\\Pipeline.php(219): Illuminate\\Http\\Middleware\\HandleCors->handle(Object(Illuminate\\Http\\Request), Object(Closure))
#61 C:\\xampp\\htdocs\\hyperLocal-multivendor-eCommerce-backend-admin-seller-frashcode-v1.2.0\\vendor\\laravel\\framework\\src\\Illuminate\\Http\\Middleware\\TrustProxies.php(58): Illuminate\\Pipeline\\Pipeline->Illuminate\\Pipeline\\{closure}(Object(Illuminate\\Http\\Request))
#62 C:\\xampp\\htdocs\\hyperLocal-multivendor-eCommerce-backend-admin-seller-frashcode-v1.2.0\\vendor\\laravel\\framework\\src\\Illuminate\\Pipeline\\Pipeline.php(219): Illuminate\\Http\\Middleware\\TrustProxies->handle(Object(Illuminate\\Http\\Request), Object(Closure))
#63 C:\\xampp\\htdocs\\hyperLocal-multivendor-eCommerce-backend-admin-seller-frashcode-v1.2.0\\vendor\\laravel\\framework\\src\\Illuminate\\Foundation\\Http\\Middleware\\InvokeDeferredCallbacks.php(22): Illuminate\\Pipeline\\Pipeline->Illuminate\\Pipeline\\{closure}(Object(Illuminate\\Http\\Request))
#64 C:\\xampp\\htdocs\\hyperLocal-multivendor-eCommerce-backend-admin-seller-frashcode-v1.2.0\\vendor\\laravel\\framework\\src\\Illuminate\\Pipeline\\Pipeline.php(219): Illuminate\\Foundation\\Http\\Middleware\\InvokeDeferredCallbacks->handle(Object(Illuminate\\Http\\Request), Object(Closure))
#65 C:\\xampp\\htdocs\\hyperLocal-multivendor-eCommerce-backend-admin-seller-frashcode-v1.2.0\\vendor\\laravel\\framework\\src\\Illuminate\\Http\\Middleware\\ValidatePathEncoding.php(26): Illuminate\\Pipeline\\Pipeline->Illuminate\\Pipeline\\{closure}(Object(Illuminate\\Http\\Request))
#66 C:\\xampp\\htdocs\\hyperLocal-multivendor-eCommerce-backend-admin-seller-frashcode-v1.2.0\\vendor\\laravel\\framework\\src\\Illuminate\\Pipeline\\Pipeline.php(219): Illuminate\\Http\\Middleware\\ValidatePathEncoding->handle(Object(Illuminate\\Http\\Request), Object(Closure))
#67 C:\\xampp\\htdocs\\hyperLocal-multivendor-eCommerce-backend-admin-seller-frashcode-v1.2.0\\vendor\\laravel\\framework\\src\\Illuminate\\Pipeline\\Pipeline.php(137): Illuminate\\Pipeline\\Pipeline->Illuminate\\Pipeline\\{closure}(Object(Illuminate\\Http\\Request))
#68 C:\\xampp\\htdocs\\hyperLocal-multivendor-eCommerce-backend-admin-seller-frashcode-v1.2.0\\vendor\\laravel\\framework\\src\\Illuminate\\Foundation\\Http\\Kernel.php(175): Illuminate\\Pipeline\\Pipeline->then(Object(Closure))
#69 C:\\xampp\\htdocs\\hyperLocal-multivendor-eCommerce-backend-admin-seller-frashcode-v1.2.0\\vendor\\laravel\\framework\\src\\Illuminate\\Foundation\\Http\\Kernel.php(144): Illuminate\\Foundation\\Http\\Kernel->sendRequestThroughRouter(Object(Illuminate\\Http\\Request))
#70 C:\\xampp\\htdocs\\hyperLocal-multivendor-eCommerce-backend-admin-seller-frashcode-v1.2.0\\vendor\\laravel\\framework\\src\\Illuminate\\Foundation\\Application.php(1220): Illuminate\\Foundation\\Http\\Kernel->handle(Object(Illuminate\\Http\\Request))
#71 C:\\xampp\\htdocs\\hyperLocal-multivendor-eCommerce-backend-admin-seller-frashcode-v1.2.0\\public\\index.php(26): Illuminate\\Foundation\\Application->handleRequest(Object(Illuminate\\Http\\Request))
#72 C:\\xampp\\htdocs\\hyperLocal-multivendor-eCommerce-backend-admin-seller-frashcode-v1.2.0\\vendor\\laravel\\framework\\src\\Illuminate\\Foundation\\resources\\server.php(23): require_once('C:\\\\xampp\\\\htdocs...')
#73 {main}"} 
